epoch,accuracy,loss,val_accuracy,val_loss
0,1.0,1.97174072265625,0.0,2.31711745262146
1,1.0,1.1046993732452393,0.0,2.3464462757110596
2,1.0,0.5856415033340454,0.0,2.3790035247802734
3,1.0,0.2002437859773636,0.0,2.4165849685668945
4,1.0,0.06988543272018433,0.0,2.4576823711395264
5,1.0,0.023066531866788864,0.0,2.4996895790100098
6,1.0,0.007864226587116718,0.0,2.5449447631835938
7,1.0,0.003235583659261465,0.0,2.5915894508361816
8,1.0,0.0010110987350344658,0.0,2.638645887374878
9,1.0,0.0004941195948049426,0.0,2.6857144832611084
10,1.0,0.00013398226292338222,0.0,2.732232093811035
11,1.0,4.8993817472364753e-05,0.0,2.7778778076171875
12,1.0,2.682172998902388e-05,0.0,2.8224313259124756
13,1.0,1.2993727978027891e-05,0.0,2.865694999694824
14,1.0,6.318072337307967e-06,0.0,2.9075021743774414
15,1.0,2.861018856492592e-06,0.0,2.9476799964904785
16,1.0,1.4305104514278355e-06,0.0,2.986131429672241
17,1.0,9.536738616588991e-07,0.0,3.022672414779663
18,1.0,5.960462772236497e-07,0.0,3.057361602783203
19,1.0,2.3841855067985307e-07,0.0,3.0901975631713867
20,1.0,2.3841855067985307e-07,0.0,3.1211602687835693
21,1.0,1.1920928244535389e-07,0.0,3.1502785682678223
22,1.0,0.0,0.0,3.1775901317596436
23,1.0,0.0,0.0,3.203139543533325
24,1.0,0.0,0.0,3.226989269256592
25,1.0,0.0,0.0,3.249215841293335
26,1.0,0.0,0.0,3.269886016845703
27,1.0,0.0,0.0,3.2890689373016357
28,1.0,0.0,0.0,3.306844711303711
29,1.0,0.0,0.0,3.3232898712158203
30,1.0,0.0,0.0,3.3384804725646973
31,1.0,0.0,0.0,3.352494716644287
32,1.0,0.0,0.0,3.365410566329956
33,1.0,0.0,0.0,3.3773021697998047
34,1.0,0.0,0.0,3.3882346153259277
35,1.0,0.0,0.0,3.398277759552002
36,1.0,0.0,0.0,3.4074950218200684
37,1.0,0.0,0.0,3.4159460067749023
38,1.0,0.0,0.0,3.423689603805542
39,1.0,0.0,0.0,3.430778980255127
40,1.0,0.0,0.0,3.4372644424438477
41,1.0,0.0,0.0,3.4431936740875244
42,1.0,0.0,0.0,3.4486119747161865
43,1.0,0.0,0.0,3.4535605907440186
44,1.0,0.0,0.0,3.458077907562256
45,1.0,0.0,0.0,3.4621994495391846
46,1.0,0.0,0.0,3.465958595275879
47,1.0,0.0,0.0,3.4693846702575684
48,1.0,0.0,0.0,3.4725067615509033
49,1.0,0.0,0.0,3.4753506183624268
50,1.0,0.0,0.0,3.477940320968628
51,1.0,0.0,0.0,3.480297088623047
52,1.0,0.0,0.0,3.4824419021606445
53,1.0,0.0,0.0,3.48439359664917
54,1.0,0.0,0.0,3.486168146133423
55,1.0,0.0,0.0,3.487781524658203
56,1.0,0.0,0.0,3.489248275756836
57,1.0,0.0,0.0,3.4905810356140137
58,1.0,0.0,0.0,3.491792678833008
59,1.0,0.0,0.0,3.4928927421569824
