epoch,accuracy,loss,val_accuracy,val_loss
0,0.4374600052833557,1.5641200542449951,0.5442000031471252,1.2920491695404053
1,0.5689399838447571,1.2234352827072144,0.5942999720573425,1.1588947772979736
2,0.6173800230026245,1.094374179840088,0.6194999814033508,1.0784077644348145
3,0.6510000228881836,1.0035483837127686,0.6450999975204468,1.0168496370315552
4,0.6695600152015686,0.9487215876579285,0.6513000130653381,1.0079656839370728
5,0.686519980430603,0.9004616141319275,0.6651999950408936,0.9734100699424744
6,0.6983000040054321,0.8685939908027649,0.6699000000953674,0.9596494436264038
7,0.7105000019073486,0.8348450064659119,0.6791999936103821,0.940369725227356
8,0.7197200059890747,0.8071491122245789,0.6840000152587891,0.9298803806304932
9,0.7278000116348267,0.7858046889305115,0.6837000250816345,0.9310276508331299
10,0.7358400225639343,0.7640678882598877,0.692300021648407,0.9167850613594055
11,0.7431399822235107,0.743228018283844,0.6898000240325928,0.9169037342071533
12,0.7465199828147888,0.7261895537376404,0.6880999803543091,0.9409922957420349
13,0.7517600059509277,0.7137147784233093,0.6837999820709229,0.9336206912994385
14,0.757319986820221,0.6957758665084839,0.6929000020027161,0.9289876818656921
15,0.7607799768447876,0.6845527291297913,0.6801999807357788,0.9731191396713257
16,0.7682600021362305,0.6657955646514893,0.6908000111579895,0.9488953948020935
17,0.7704200148582458,0.6560772657394409,0.6926000118255615,0.9394910335540771
18,0.7751399874687195,0.6437820196151733,0.692799985408783,0.9562844038009644
19,0.7789599895477295,0.6336645483970642,0.6942999958992004,0.9533795118331909
20,0.7850000262260437,0.621432363986969,0.6868000030517578,0.9893850684165955
21,0.7852799892425537,0.6135221719741821,0.6890000104904175,0.9786489009857178
22,0.7896199822425842,0.6056084632873535,0.6822999715805054,0.9938669204711914
23,0.791379988193512,0.5969017744064331,0.6848000288009644,0.999521791934967
24,0.7960799932479858,0.5849004983901978,0.6916000247001648,0.9868922829627991
25,0.7989799976348877,0.5774427056312561,0.6851999759674072,1.0001648664474487
26,0.7975800037384033,0.5753846764564514,0.6902999877929688,1.0060248374938965
27,0.8037199974060059,0.5618681311607361,0.6819000244140625,1.0136629343032837
28,0.8047800064086914,0.5605996251106262,0.6876999735832214,1.0288357734680176
29,0.8054599761962891,0.5537806749343872,0.6883999705314636,1.0166720151901245
30,0.8115400075912476,0.538068413734436,0.6837999820709229,1.0509467124938965
31,0.8109999895095825,0.5381595492362976,0.6894000172615051,1.0522818565368652
32,0.8123599886894226,0.5317765474319458,0.684499979019165,1.0608805418014526
33,0.8135600090026855,0.5278624892234802,0.6862000226974487,1.07520592212677
34,0.8160399794578552,0.5203959941864014,0.6873000264167786,1.0715583562850952
35,0.8184800148010254,0.5135189294815063,0.6801000237464905,1.1060819625854492
36,0.8219000101089478,0.506614089012146,0.6783999800682068,1.1112803220748901
37,0.821399986743927,0.5057039260864258,0.6775000095367432,1.121606707572937
38,0.8238999843597412,0.5007655620574951,0.6809999942779541,1.1201059818267822
39,0.82396000623703,0.496025025844574,0.6840999722480774,1.1083074808120728
40,0.82669997215271,0.48971641063690186,0.6819999814033508,1.1310245990753174
41,0.8289200067520142,0.4836621880531311,0.6829000115394592,1.1478500366210938
42,0.8304399847984314,0.48006293177604675,0.6758000254631042,1.162509799003601
43,0.8308600187301636,0.47743308544158936,0.6840000152587891,1.147773027420044
44,0.8353999853134155,0.46863317489624023,0.6793000102043152,1.1757820844650269
45,0.8343600034713745,0.4700393080711365,0.6818000078201294,1.1718467473983765
46,0.8384400010108948,0.4599166512489319,0.6802999973297119,1.1841070652008057
47,0.8367400169372559,0.4592978060245514,0.6787999868392944,1.18858003616333
48,0.8364599943161011,0.4580475687980652,0.6771000027656555,1.2068660259246826
49,0.839680016040802,0.4499828517436981,0.6758999824523926,1.2208003997802734
50,0.841759979724884,0.4456658661365509,0.6784999966621399,1.2245757579803467
51,0.8439800143241882,0.4411149322986603,0.6782000064849854,1.2308568954467773
52,0.8438799977302551,0.43921002745628357,0.66839998960495,1.274439811706543
53,0.8436800241470337,0.4350423812866211,0.6712999939918518,1.2634942531585693
54,0.8488799929618835,0.4266323447227478,0.679099977016449,1.2825052738189697
55,0.8496000170707703,0.4270782768726349,0.6714000105857849,1.2984071969985962
56,0.8482000231742859,0.4249646067619324,0.6794000267982483,1.2841497659683228
57,0.8504199981689453,0.41933906078338623,0.6729999780654907,1.3095605373382568
58,0.8496400117874146,0.42166027426719666,0.6746000051498413,1.3029875755310059
59,0.8531799912452698,0.4137495756149292,0.6676999926567078,1.3402262926101685
